2025-12-08 09:13:08,026 P3959780 INFO Using device: cuda: 0
2025-12-08 09:13:08,026 P3959780 INFO Loading data from ./datasets/SWaT.pkl
2025-12-08 09:13:10,380 P3959780 INFO Normalizing data with minmax
2025-12-08 09:13:11,277 P3959780 INFO Fitting dataset: SWaT
2025-12-08 09:13:11,277 P3959780 INFO Generating sliding windows (size 100).
2025-12-08 09:13:13,585 P3959780 INFO Windows for test #: (449918, 100, 51)
2025-12-08 09:13:13,776 P3959780 INFO Training epoch: 1
2025-12-08 09:14:07,430 P3959780 INFO Epoch: 1 finished, loss is 2669.4314
2025-12-08 09:14:07,430 P3959780 INFO Training epoch: 2
2025-12-08 09:15:04,509 P3959780 INFO Epoch: 2 finished, loss is 2022.3035
2025-12-08 09:15:04,509 P3959780 INFO Training epoch: 3
2025-12-08 09:16:23,733 P3959780 INFO Epoch: 3 finished, loss is 1905.2548
2025-12-08 09:16:23,733 P3959780 INFO Training epoch: 4
2025-12-08 09:17:46,525 P3959780 INFO Epoch: 4 finished, loss is 1837.0596
2025-12-08 09:17:46,525 P3959780 INFO Training epoch: 5
2025-12-08 09:19:09,634 P3959780 INFO Epoch: 5 finished, loss is 1811.6898
2025-12-08 09:19:09,634 P3959780 INFO Training epoch: 6
2025-12-08 09:20:32,433 P3959780 INFO Epoch: 6 finished, loss is 1792.0574
2025-12-08 09:20:32,434 P3959780 INFO Training epoch: 7
2025-12-08 09:21:55,255 P3959780 INFO Epoch: 7 finished, loss is 1781.0463
2025-12-08 09:21:55,255 P3959780 INFO Training epoch: 8
2025-12-08 09:23:18,236 P3959780 INFO Epoch: 8 finished, loss is 1759.6978
2025-12-08 09:23:18,236 P3959780 INFO Training epoch: 9
2025-12-08 09:24:41,651 P3959780 INFO Epoch: 9 finished, loss is 1735.5692
2025-12-08 09:24:41,651 P3959780 INFO Training epoch: 10
